Determining if the include file pthread.h exists failed with the following output:
Change Dir: D:/OneDrive/Dokumente/Uni/Übungen/2.Fs/Programmiersprachen/programmiersprachen-aufgabenblatt-3/build/CMakeFiles/CMakeTmp

Run Build Command:"C:/Program Files (x86)/MSBuild/14.0/bin/MSBuild.exe" "cmTC_c2fe8.vcxproj" "/p:Configuration=Debug" "/p:VisualStudioVersion=14.0"
Microsoft (R)-Buildmodul, Version 14.0.25420.1
Copyright (C) Microsoft Corporation. Alle Rechte vorbehalten.

Der Buildvorgang wurde am 26.05.2018 15:21:21 gestartet.
Projekt "D:\OneDrive\Dokumente\Uni\Übungen\2.Fs\Programmiersprachen\programmiersprachen-aufgabenblatt-3\build\CMakeFiles\CMakeTmp\cmTC_c2fe8.vcxproj" auf Knoten "1" (Standardziele).
PrepareForBuild:
  Das Verzeichnis "cmTC_c2fe8.dir\Debug\" wird erstellt.
  Das Verzeichnis "D:\OneDrive\Dokumente\Uni\Übungen\2.Fs\Programmiersprachen\programmiersprachen-aufgabenblatt-3\build\CMakeFiles\CMakeTmp\Debug\" wird erstellt.
  Das Verzeichnis "cmTC_c2fe8.dir\Debug\cmTC_c2fe8.tlog\" wird erstellt.
InitializeBuildStatus:
  "cmTC_c2fe8.dir\Debug\cmTC_c2fe8.tlog\unsuccessfulbuild" wird erstellt, da "AlwaysCreate" angegeben wurde.
ClCompile:
  C:\Program Files (x86)\Microsoft Visual Studio 14.0\VC\bin\CL.exe /c /Zi /W3 /WX- /Od /Ob0 /Oy- /D WIN32 /D _WINDOWS /D "CMAKE_INTDIR=\"Debug\"" /D _MBCS /Gm- /RTC1 /MDd /GS /fp:precise /Zc:wchar_t /Zc:forScope /Zc:inline /Fo"cmTC_c2fe8.dir\Debug\\" /Fd"cmTC_c2fe8.dir\Debug\vc140.pdb" /Gd /TC /analyze- /errorReport:queue "D:\OneDrive\Dokumente\Uni\Übungen\2.Fs\Programmiersprachen\programmiersprachen-aufgabenblatt-3\build\CMakeFiles\CMakeTmp\CheckIncludeFile.c"
  Microsoft (R) C/C++-Optimierungscompiler Version 19.00.24215.1 für x86
  Copyright (C) Microsoft Corporation. Alle Rechte vorbehalten.
  
  cl /c /Zi /W3 /WX- /Od /Ob0 /Oy- /D WIN32 /D _WINDOWS /D "CMAKE_INTDIR=\"Debug\"" /D _MBCS /Gm- /RTC1 /MDd /GS /fp:precise /Zc:wchar_t /Zc:forScope /Zc:inline /Fo"cmTC_c2fe8.dir\Debug\\" /Fd"cmTC_c2fe8.dir\Debug\vc140.pdb" /Gd /TC /analyze- /errorReport:queue "D:\OneDrive\Dokumente\Uni\Übungen\2.Fs\Programmiersprachen\programmiersprachen-aufgabenblatt-3\build\CMakeFiles\CMakeTmp\CheckIncludeFile.c"
  
  CheckIncludeFile.c
D:\OneDrive\Dokumente\Uni\Übungen\2.Fs\Programmiersprachen\programmiersprachen-aufgabenblatt-3\build\CMakeFiles\CMakeTmp\CheckIncludeFile.c(1): fatal error C1083: Datei (Include) kann nicht geöffnet werden: "pthread.h": No such file or directory [D:\OneDrive\Dokumente\Uni\Übungen\2.Fs\Programmiersprachen\programmiersprachen-aufgabenblatt-3\build\CMakeFiles\CMakeTmp\cmTC_c2fe8.vcxproj]
Die Erstellung des Projekts "D:\OneDrive\Dokumente\Uni\Übungen\2.Fs\Programmiersprachen\programmiersprachen-aufgabenblatt-3\build\CMakeFiles\CMakeTmp\cmTC_c2fe8.vcxproj" ist abgeschlossen (Standardziele) -- FEHLER.

Fehler beim Buildvorgang.

"D:\OneDrive\Dokumente\Uni\Übungen\2.Fs\Programmiersprachen\programmiersprachen-aufgabenblatt-3\build\CMakeFiles\CMakeTmp\cmTC_c2fe8.vcxproj" (Standardziel) (1) ->
(ClCompile Ziel) -> 
  D:\OneDrive\Dokumente\Uni\Übungen\2.Fs\Programmiersprachen\programmiersprachen-aufgabenblatt-3\build\CMakeFiles\CMakeTmp\CheckIncludeFile.c(1): fatal error C1083: Datei (Include) kann nicht geöffnet werden: "pthread.h": No such file or directory [D:\OneDrive\Dokumente\Uni\Übungen\2.Fs\Programmiersprachen\programmiersprachen-aufgabenblatt-3\build\CMakeFiles\CMakeTmp\cmTC_c2fe8.vcxproj]

    0 Warnung(en)
    1 Fehler

Verstrichene Zeit 00:00:00.57


